2020-11-13 19:54:15,233 INFO m.w.o.Ozzie [main] Checking for updates...
2020-11-13 19:54:16,028 INFO m.w.o.Ozzie [main] Up to date!
2020-11-13 19:54:16,028 INFO m.w.o.Ozzie [main] Building client...
2020-11-13 19:54:16,030 INFO m.w.o.c.AbstractManager [main] Runtime Option Manager - Building Runtime Option Manager...
2020-11-13 19:54:16,030 INFO m.w.o.c.AbstractManager [main] Runtime Option Manager - Runtime Option Manager built!
2020-11-13 19:54:16,033 INFO m.w.o.Ozzie [main] Client built!
2020-11-13 19:54:16,033 INFO m.w.o.Ozzie [main] Starting client...
2020-11-13 19:54:16,033 INFO m.w.o.Ozzie [main] Building ShardManager...
2020-11-13 19:54:16,033 INFO m.w.o.c.AbstractManager [main] Token Manager - Building Token Manager...
2020-11-13 19:54:16,049 INFO m.w.o.c.AbstractManager [main] Token Manager - Loading saved tokens...
2020-11-13 19:54:16,050 INFO m.w.o.c.AbstractManager [main] ConfigurationManager - Building Configuration Manager...
2020-11-13 19:54:16,050 INFO m.w.o.c.AbstractManager [main] ConfigurationManager - Configuration Manager built!
2020-11-13 19:54:16,079 INFO m.w.o.c.AbstractManager [main] Token Manager - Loaded saved tokens!
2020-11-13 19:54:16,079 INFO m.w.o.c.AbstractManager [main] Token Manager - Token Manager built!
2020-11-13 19:54:16,986 INFO m.w.o.c.AbstractManager [main] I18nManager - Building I18nManager...
2020-11-13 19:54:17,039 INFO m.w.o.c.AbstractManager [main] I18nManager - I18nManager built!
2020-11-13 19:54:17,041 INFO m.w.o.Ozzie [main] Enabling [music]Music 1.0
2020-11-13 19:54:17,096 INFO m.w.o.c.AbstractManager [main] Command Manager - Building CommandManager...
2020-11-13 19:54:17,100 INFO m.w.o.c.AbstractManager [main] Command Manager - CommandManager built!
2020-11-13 19:54:17,100 INFO m.w.o.c.AbstractManager [main] Command Manager - [Music] Loading command clear
2020-11-13 19:54:17,100 INFO m.w.o.c.AbstractManager [main] Command Manager - [Music] Loading command np
2020-11-13 19:54:17,100 INFO m.w.o.c.AbstractManager [main] Command Manager - [Music] Loading command pause
2020-11-13 19:54:17,101 INFO m.w.o.c.AbstractManager [main] Command Manager - [Music] Loading command play
2020-11-13 19:54:17,101 INFO m.w.o.c.AbstractManager [main] Command Manager - [Music] Loading command queue
2020-11-13 19:54:17,101 INFO m.w.o.c.AbstractManager [main] Command Manager - [Music] Loading command shuffle
2020-11-13 19:54:17,101 INFO m.w.o.c.AbstractManager [main] Command Manager - [Music] Loading command skip
2020-11-13 19:54:17,101 INFO m.w.o.c.AbstractManager [main] Command Manager - [Music] Loading command stop
2020-11-13 19:54:17,101 INFO m.w.o.c.AbstractManager [main] Command Manager - [Music] Loading command volume
2020-11-13 19:54:17,101 INFO m.w.o.c.AbstractManager [main] Command Manager - [Music] Loading command follow
2020-11-13 19:54:17,101 INFO m.w.o.Ozzie [main] ShardManager built!
2020-11-13 19:54:17,101 INFO m.w.o.Ozzie [main] Client started!
2020-11-13 19:54:17,662 INFO m.w.o.h.PrimaryListener [JDA [0 / 1] MainWS-ReadThread] Ready to go!
2020-11-13 19:54:33,068 INFO m.w.o.c.d.m.MongoDBConnectionFactory [JDA [0 / 1] MainWS-ReadThread] Building MongoDB Handler...
2020-11-13 19:54:34,239 INFO m.w.o.c.d.m.MongoDBConnectionFactory [JDA [0 / 1] MainWS-ReadThread] MongoDB Handler built!
